<?xml version="1.0" encoding="UTF-8"?>
<testng-results skipped="0" failed="0" ignored="0" total="0" passed="0">
  <reporter-output>
  </reporter-output>
  <suite name="seleniumAdvanced.TestBaseProperties" duration-ms="4" started-at="2017-10-18T21:49:47Z" finished-at="2017-10-18T21:49:47Z">
    <groups>
    </groups>
    <test name="Command line test" duration-ms="4" started-at="2017-10-18T21:49:47Z" finished-at="2017-10-18T21:49:47Z">
    </test> <!-- Command line test -->
  </suite> <!-- seleniumAdvanced.TestBaseProperties -->
</testng-results>
